2022-05-26T19:48:55Z - LOG - ------- PROCESO INICIADO ---------
2022-05-26T19:48:55Z - LOG - Token generado con éxito
2022-05-26T19:48:56Z - LOG - La información se ha importado con éxito en splynx
2022-05-26T19:48:56Z - LOG - ------- PROCESO FINALIZADO ---------
2023-03-27T21:18:30Z - LOG - ------- PROCESO INICIADO ---------
2023-03-27T21:18:31Z - LOG - Token generado con éxito
2023-03-27T21:23:21Z - LOG - ------- PROCESO INICIADO ---------
2023-03-27T21:23:22Z - LOG - Token generado con éxito
2023-03-27T21:24:19Z - LOG - ------- PROCESO INICIADO ---------
2023-03-27T21:24:20Z - LOG - Token generado con éxito
2023-03-27T21:24:48Z - LOG - ------- PROCESO INICIADO ---------
2023-03-27T21:24:49Z - LOG - Token generado con éxito
2023-03-27T21:24:58Z - LOG - ------- PROCESO INICIADO ---------
2023-03-27T21:24:58Z - LOG - Token generado con éxito
2023-03-27T21:25:06Z - LOG - ------- PROCESO INICIADO ---------
2023-03-27T21:25:07Z - LOG - Token generado con éxito
2023-03-27T21:25:07Z - LOG - La información se ha importado con éxito en splynx
2023-03-27T21:25:07Z - LOG - ------- PROCESO FINALIZADO ---------
2023-03-27T21:25:07Z - LOG - ------- PROCESO INICIADO ---------
2023-03-27T21:25:07Z - LOG - Token generado con éxito
2023-03-27T21:25:41Z - LOG - ------- PROCESO INICIADO ---------
2023-03-27T21:25:42Z - LOG - Token generado con éxito
2023-03-27T21:25:56Z - LOG - ------- PROCESO INICIADO ---------
2023-03-27T21:25:57Z - LOG - Token generado con éxito
2023-03-27T21:25:57Z - LOG - La información se ha importado con éxito en splynx
2023-03-27T21:25:57Z - LOG - ------- PROCESO FINALIZADO ---------
2023-03-27T21:25:57Z - LOG - ------- PROCESO INICIADO ---------
2023-03-27T21:25:58Z - LOG - Token generado con éxito
2023-03-27T21:26:33Z - LOG - ------- PROCESO INICIADO ---------
2023-03-27T21:26:34Z - LOG - Token generado con éxito
2023-03-27T21:27:07Z - LOG - ------- PROCESO INICIADO ---------
2023-03-27T21:27:08Z - LOG - Token generado con éxito
2023-03-27T21:27:08Z - LOG - La información se ha importado con éxito en splynx
2023-03-27T21:27:08Z - LOG - ------- PROCESO FINALIZADO ---------
2023-03-27T21:27:08Z - LOG - ------- PROCESO INICIADO ---------
2023-03-27T21:27:09Z - LOG - Token generado con éxito
2023-03-27T21:28:03Z - LOG - ------- PROCESO INICIADO ---------
2023-03-27T21:28:04Z - LOG - Token generado con éxito
2023-03-27T21:28:04Z - LOG - La información se ha importado con éxito en splynx
2023-03-27T21:28:04Z - LOG - ------- PROCESO FINALIZADO ---------
2023-03-27T21:33:03Z - LOG - ------- PROCESO INICIADO ---------
2023-03-27T21:33:04Z - LOG - Token generado con éxito
2023-03-27T21:33:11Z - LOG - ------- PROCESO INICIADO ---------
2023-03-27T21:33:12Z - LOG - Token generado con éxito
2023-03-27T21:33:12Z - LOG - La información se ha importado con éxito en splynx
2023-03-27T21:33:12Z - LOG - ------- PROCESO FINALIZADO ---------
2023-03-27T21:33:49Z - LOG - ------- PROCESO INICIADO ---------
2023-03-27T21:33:50Z - LOG - Token generado con éxito
2023-03-27T21:33:56Z - LOG - ------- PROCESO INICIADO ---------
2023-03-27T21:33:56Z - LOG - Token generado con éxito
2023-03-27T21:33:56Z - LOG - La información se ha importado con éxito en splynx
2023-03-27T21:33:56Z - LOG - ------- PROCESO FINALIZADO ---------
2023-03-27T21:37:31Z - LOG - ------- PROCESO INICIADO ---------
2023-03-27T21:37:32Z - LOG - Token generado con éxito
2023-03-27T21:37:32Z - LOG - La información se ha importado con éxito en splynx
2023-03-27T21:37:32Z - LOG - ------- PROCESO FINALIZADO ---------
2023-03-27T21:39:07Z - LOG - ------- PROCESO INICIADO ---------
2023-03-27T21:39:08Z - LOG - Token generado con éxito
2023-03-27T21:39:10Z - LOG - Excepción capturada payment: 
2023-03-27T21:39:10Z - LOG - La información se ha importado con éxito en splynx
2023-03-27T21:39:10Z - LOG - ------- PROCESO FINALIZADO ---------
2023-03-27T21:47:03Z - LOG - ------- PROCESO INICIADO ---------
2023-03-27T21:47:04Z - LOG - Token generado con éxito
2023-03-27T21:47:05Z - LOG - Hubo un error para enivar correo: 
2023-03-27T21:47:05Z - LOG - Excepción capturada payment: 
2023-03-27T21:47:05Z - LOG - Hubo un error para enivar correo: 
2023-03-27T21:47:05Z - LOG - La información se ha importado con éxito en splynx
2023-03-27T21:47:05Z - LOG - ------- PROCESO FINALIZADO ---------
2023-03-27T21:54:10Z - LOG - ------- PROCESO INICIADO ---------
2023-03-27T21:54:11Z - LOG - Token generado con éxito
2023-03-27T21:54:11Z - LOG - La información se ha importado con éxito en splynx
2023-03-27T21:54:11Z - LOG - ------- PROCESO FINALIZADO ---------
2023-03-27T21:55:55Z - LOG - ------- PROCESO INICIADO ---------
2023-03-27T21:55:56Z - LOG - Token generado con éxito
2023-03-27T21:55:56Z - LOG - La información se ha importado con éxito en splynx
2023-03-27T21:55:56Z - LOG - ------- PROCESO FINALIZADO ---------
2023-03-27T21:57:05Z - LOG - ------- PROCESO INICIADO ---------
2023-03-27T21:57:06Z - LOG - Token generado con éxito
2023-03-27T21:57:06Z - LOG - La información se ha importado con éxito en splynx
2023-03-27T21:57:06Z - LOG - ------- PROCESO FINALIZADO ---------
2023-03-27T21:59:26Z - LOG - ------- PROCESO INICIADO ---------
2023-03-27T21:59:27Z - LOG - Token generado con éxito
2023-03-27T21:59:27Z - LOG - La información se ha importado con éxito en splynx
2023-03-27T21:59:27Z - LOG - ------- PROCESO FINALIZADO ---------
2023-03-27T22:00:00Z - LOG - ------- PROCESO INICIADO ---------
2023-03-27T22:00:00Z - LOG - Token generado con éxito
2023-03-27T22:00:01Z - LOG - La información se ha importado con éxito en splynx
2023-03-27T22:00:01Z - LOG - ------- PROCESO FINALIZADO ---------
2023-03-27T22:00:44Z - LOG - ------- PROCESO INICIADO ---------
2023-03-27T22:00:45Z - LOG - Token generado con éxito
2023-03-27T22:00:49Z - LOG - La información se ha importado con éxito en splynx
2023-03-27T22:00:49Z - LOG - ------- PROCESO FINALIZADO ---------
